[info] [2025-01-03 21:25:01] [Discord Bot] Events Loaded.
[info] [2025-01-03 21:28:15] [Discord Bot] Events Loaded.
[info] [2025-01-03 21:28:16] [Discord Bot] Client logged in as Owen's Assistant
[info] [2025-01-03 21:28:30] [Discord Bot] Events Loaded.
[info] [2025-01-03 21:28:30] [Discord Bot] Client logged in as Owen's Assistant#5578
[info] [2025-01-03 21:30:18] [Discord Bot] Events Loaded.
[info] [2025-01-03 21:30:19] [Discord Bot] Client logged in as Owen's Assistant#5578
    - Client Id: 1324838697903849608
    - Creator: @divinehades
    - Creator Id: 621358600933081088
[info] [2025-01-03 21:30:49] [Discord Bot] Events Loaded.
[info] [2025-01-03 21:30:50] [Discord Bot] Client logged in as Owen's Assistant#5578
    - Client Id: 1324838697903849608
    - Creator: @divinehades
    - Creator Id: 621358600933081088
[info] [2025-01-03 21:33:15] [Discord Bot] Events Loaded.
[info] [2025-01-03 21:33:16] [Discord Bot] Client logged in as Owen's Assistant#5578
    - Client Id: 1324838697903849608
    - Creator: @divinehades
    - Creator Id: 621358600933081088
[info] [2025-01-03 21:37:39] [Discord Bot] Events Loaded.
[info] [2025-01-03 21:37:40] [Discord Bot] Client logged in as Owen's Assistant#5578
    - Client Id: 1324838697903849608
    - Creator: @divinehades
    - Creator Id: 621358600933081088
[info] [2025-01-03 21:39:06] [Discord Bot] Events Loaded.
[info] [2025-01-03 21:39:06] [Discord Bot] Client logged in as Owen's Assistant#5578
    - Client Id: 1324838697903849608
    - Creator: @divinehades
    - Creator Id: 621358600933081088
[info] [2025-01-03 21:40:08] [Discord Bot] Events Loaded.
[info] [2025-01-03 21:40:09] [Discord Bot] Client logged in as Owen's Assistant#5578
    - Client Id: 1324838697903849608
    - Creator: @divinehades
    - Creator Id: 621358600933081088
[info] [2025-01-03 21:41:44] [Discord Bot] Events Loaded.
[info] [2025-01-03 21:41:45] [Discord Bot] Client logged in as Owen's Assistant#5578
    - Client Id: 1324838697903849608
    - API Websocket Latency: -1ms
[info] [2025-01-03 21:41:50] [Discord Bot] Events Loaded.
[info] [2025-01-03 21:41:50] [Discord Bot] Client logged in as Owen's Assistant#5578
    - Client Id: 1324838697903849608
    - API Websocket Latency: -1ms
[info] [2025-01-03 21:42:02] [Discord Bot] Events Loaded.
[info] [2025-01-03 21:42:03] [Discord Bot] Client logged in as Owen's Assistant#5578
    - Client Id: 1324838697903849608
    - API Websocket Latency: -1ms
[info] [2025-01-03 21:42:29] [Discord Bot] Events Loaded.
[info] [2025-01-03 21:42:29] [Discord Bot] Client logged in as Owen's Assistant#5578
    - Client Id: 1324838697903849608
    - Creator: @divinehades
    - Creator Id: 621358600933081088
[info] [2025-01-03 21:42:40] [Discord Bot] Events Loaded.
[info] [2025-01-03 21:42:41] [Discord Bot] Client logged in as Owen's Assistant#5578
    - Client Id: 1324838697903849608
    - Creator: @divinehades
    - Creator Id: 621358600933081088
[info] [2025-01-03 21:51:34] [Discord Bot] Events Loaded.
[info] [2025-01-03 21:51:36] [Discord Bot] Client logged in as Owen's Assistant#5578
    - Client Id: 1324838697903849608
    - Creator: @divinehades
    - Creator Id: 621358600933081088
[info] [2025-01-03 21:55:35] [Discord Bot] Events Loaded.
[info] [2025-01-03 21:55:36] [Discord Bot] Client logged in as Owen's Assistant#5578
    - Client Id: 1324838697903849608
    - Creator: @divinehades
    - Creator Id: 621358600933081088
[info] [2025-01-03 21:55:36] [Discord Bot] Commands Loaded.
[info] [2025-01-03 21:55:59] [Discord Bot] Events Loaded.
[info] [2025-01-03 21:56:00] [Discord Bot] Client logged in as Owen's Assistant#5578
    - Client Id: 1324838697903849608
    - Creator: @divinehades
    - Creator Id: 621358600933081088
[info] [2025-01-03 21:56:00] [Discord Bot] Commands Loaded.
[info] [2025-01-03 21:56:23] [Discord Bot] Events Loaded.
[info] [2025-01-03 21:56:24] [Discord Bot] Client logged in as Owen's Assistant#5578
    - Client Id: 1324838697903849608
    - Creator: @divinehades
    - Creator Id: 621358600933081088
[info] [2025-01-03 21:56:24] [Discord Bot] Commands Loaded.
[info] [2025-01-03 21:56:50] [Discord Bot] Events Loaded.
[info] [2025-01-03 21:56:51] [Discord Bot] Commands Loaded.
[info] [2025-01-03 21:56:51] [Discord Bot] Client logged in as Owen's Assistant#5578
    - Client Id: 1324838697903849608
    - Creator: @divinehades
    - Creator Id: 621358600933081088
[info] [2025-01-03 22:00:23] [Discord Bot] Events Loaded.
[info] [2025-01-03 22:00:24] [Discord Bot] Commands Loaded.
[info] [2025-01-03 22:00:24] [Discord Bot] Client logged in as Owen's Assistant#5578
    - Client Id: 1324838697903849608
    - Creator: @divinehades
    - Creator Id: 621358600933081088
[info] [2025-01-03 22:01:04] [Discord Bot] Events Loaded.
[info] [2025-01-03 22:01:05] [Discord Bot] Commands Loaded.
[info] [2025-01-03 22:01:05] [Discord Bot] Client logged in as Owen's Assistant#5578
    - Client Id: 1324838697903849608
    - Creator: @divinehades
    - Creator Id: 621358600933081088
[info] [2025-01-03 22:01:10] [Discord Bot] Events Loaded.
[info] [2025-01-03 22:01:11] [Discord Bot] Commands Loaded.
[info] [2025-01-03 22:01:11] [Discord Bot] Client logged in as Owen's Assistant#5578
    - Client Id: 1324838697903849608
    - Creator: @divinehades
    - Creator Id: 621358600933081088
[info] [2025-01-03 22:03:57] [Discord Bot] Events Loaded.
[info] [2025-01-03 22:03:58] [Discord Bot] Commands Loaded.
[info] [2025-01-03 22:03:58] [Discord Bot] Client logged in as Owen's Assistant#5578
    - Client Id: 1324838697903849608
    - Creator: @divinehades
    - Creator Id: 621358600933081088
